
///////////////////////////////////////Showing path 46/////////////////////////////////////////////////////
=============================Blow Up 1===========================
First polynomial: x^9+y^4*z^4
Exceptional Divisors: 

Center of blowup: z,y,x
Passing to chart: 1 (x)
=============================Blow Up 2===========================
Last map: x*z,x*y,x
Strict transform: x*z^9+y^4
Exceptional Divisors: 
x
Center of blowup: x,y,z
Passing to chart: 1 (x)
=============================Blow Up 3===========================
Last map: x*z,x*y,x
Strict transform: x^6*z+y^4
Exceptional Divisors: 
z,x
Center of blowup: x,y,z
Passing to chart: 1 (x)
=============================Blow Up 4===========================
Last map: x*z,x*y,x
Strict transform: x^3*z^6+y^4
Exceptional Divisors: 
1,z,x
Center of blowup: z,y
Passing to chart: 1 (x)
=============================Blow Up 5===========================
Last map: x,y*z,y
Strict transform: x^3*y^2+z^4
Exceptional Divisors: 
1,1,x,y
Center of blowup: x,y,z
Passing to chart: 3 (z)
=============================Blow Up 6===========================
Last map: x,x*z,x*y
Strict transform: y^4+x*z^2
Exceptional Divisors: 
1,1,1,z,x
Center of blowup: x,y,z
Passing to chart: 3 (z)
=============================Blow Up 7===========================
Last map: x,x*z,x*y
Strict transform: x*z^4+y^2
Exceptional Divisors: 
1,1,1,y,1,x
Center of blowup: x,y,z
Passing to chart: 1 (x)
=============================Blow Up 8===========================
Last map: x*z,x*y,x
Strict transform: x^3*z+y^2
Exceptional Divisors: 
1,1,1,y,1,z,x
Center of blowup: x,y,z
Passing to chart: 1 (x)
=============================Blow Up 9===========================
Last map: x*z,x*y,x
Strict transform: x^2*z^3+y^2
Exceptional Divisors: 
1,1,1,y,1,1,z,x
Center of blowup: y,x
Passing to chart: 1 (x)
=============================Blow Up 10===========================
Last map: x*z,x,x*y
Strict transform: x^3+y
Exceptional Divisors: 
y,1,1,z,x
Center of blowup: x,y,z
