
///////////////////////////////////////Showing path 274/////////////////////////////////////////////////////
=============================Blow Up 1===========================
First polynomial: x^9+y^4*z^4
Exceptional Divisors: 

Center of blowup: z,y,x
Passing to chart: 1 (x)
=============================Blow Up 2===========================
Last map: x*z,x*y,x
Strict transform: x*z^9+y^4
Exceptional Divisors: 
x
Center of blowup: x,y,z
Passing to chart: 1 (x)
=============================Blow Up 3===========================
Last map: x*z,x*y,x
Strict transform: x^6*z+y^4
Exceptional Divisors: 
z,x
Center of blowup: x,y,z
Passing to chart: 3 (z)
=============================Blow Up 4===========================
Last map: x,x*z,x*y
Strict transform: x^3*y+z^4
Exceptional Divisors: 
y,1,x
Center of blowup: x,y,z
Passing to chart: 3 (z)
=============================Blow Up 5===========================
Last map: x,x*z,x*y
Strict transform: y^4+z
Exceptional Divisors: 
z,1,1,x
Center of blowup: x,y,z
Passing to chart: 2 (y)
=============================Blow Up 6===========================
Last map: x,x*z,x*y
Strict transform: x^3*z^4+y
Exceptional Divisors: 
y,1,1,1,x
Center of blowup: y,x
Passing to chart: 2 (y)
=============================Blow Up 7===========================
Last map: x,x*z,y
Strict transform: x^2*y^4+z
Exceptional Divisors: 
z,1,1,1,1,x
Center of blowup: z,x
Passing to chart: 2 (y)
=============================Blow Up 8===========================
Last map: x,y,x*z
Strict transform: x*y^4+z
Exceptional Divisors: 
z,1,1,1,1,1,x
Center of blowup: z,x
Passing to chart: 2 (y)
=============================Blow Up 9===========================
Last map: x,y,x*z
Strict transform: y^4+z
Exceptional Divisors: 
z,1,1,1,1,1,1,x
Center of blowup: z,y
Passing to chart: 1 (x)
=============================Blow Up 10===========================
Last map: x,y,y*z
Strict transform: y^3+z
Exceptional Divisors: 
z,1,1,1,1,1,1,x,y
Center of blowup: z,y
Passing to chart: 2 (y)
=============================Blow Up 11===========================
Last map: x,y,y*z
Strict transform: y^2+z
Exceptional Divisors: 
z,1,1,1,1,1,1,x,1,y
Center of blowup: z,y
Passing to chart: 2 (y)
=============================Blow Up 12===========================
Last map: x,y,y*z
Strict transform: y+z
Exceptional Divisors: 
z,1,1,1,1,1,1,x,1,1,y
Center of blowup: z,y
Passing to chart: 1 (x)
=============================Blow Up 13===========================
Last map: x,x*z,x*y
Strict transform: x^2*y+z^2
Exceptional Divisors: 
1,1,1,1,z,y,1,x
Center of blowup: x,y,z
