
///////////////////////////////////////Showing path 29/////////////////////////////////////////////////////
=============================Blow Up 1===========================
First polynomial: y^4*z^5+x^3
Exceptional Divisors: %n%n

Center of blowup: x,y,z
Passing to chart: 1 (x)
=============================Blow Up 2===========================
Last map: x*z,x*y,x
Strict transform: x^6*y^4+z^3
Exceptional Divisors: %n%n
x
Center of blowup: z,y
Passing to chart: 1 (x)
=============================Blow Up 3===========================
Last map: x,y,y*z
Strict transform: x^6*y+z^3
Exceptional Divisors: %n%n
x,y
Center of blowup: z,x
Passing to chart: 2 (y)
=============================Blow Up 4===========================
Last map: x,y,x*z
Strict transform: x^3*y+z^3
Exceptional Divisors: %n%n
1,y,x
Center of blowup: z,x
Passing to chart: 2 (y)
=============================Blow Up 5===========================
Last map: x,y,x*z
Strict transform: z^3+y
Exceptional Divisors: %n%n
1,y,1,x
Center of blowup: x,y,z
Passing to chart: 2 (y)
=============================Blow Up 6===========================
Last map: x,x*z,x*y
Strict transform: x^2*y^3+z
Exceptional Divisors: %n%n
1,z,1,1,x
Center of blowup: z,x
Passing to chart: 2 (y)
=============================Blow Up 7===========================
Last map: x,y,x*z
Strict transform: x*y^3+z
Exceptional Divisors: %n%n
1,z,1,1,1,x
Center of blowup: z,x
Passing to chart: 2 (y)
=============================Blow Up 8===========================
Last map: x,y,x*z
Strict transform: y^3+z
Exceptional Divisors: %n%n
1,z,1,1,1,1,x
Center of blowup: z,y
Passing to chart: 1 (x)
=============================Blow Up 9===========================
Last map: x,y,y*z
Strict transform: y^2+z
Exceptional Divisors: %n%n
1,z,1,1,1,1,x,y
Center of blowup: z,y
Passing to chart: 2 (y)
=============================Blow Up 10===========================
Last map: x,y,y*z
Strict transform: y+z
Exceptional Divisors: %n%n
1,z,1,1,1,1,x,1,y
Center of blowup: z,y
Passing to chart: 1 (x)
=============================Blow Up 11===========================
Last map: x*z,x*y,x
Strict transform: z+1
Exceptional Divisors: %n%n
1,1,1,y,1,z,x
Center of blowup: z+1
