
///////////////////////////////////////Showing path 4/////////////////////////////////////////////////////
=============================Blow Up 1===========================
First polynomial: y^4*z^5+x^3
Exceptional Divisors: 

Center of blowup: x,y,z
Passing to chart: 2 (y)
=============================Blow Up 2===========================
Last map: x*z,x,x*y
Strict transform: x^6*y^5+z^3
Exceptional Divisors: 
x
Center of blowup: z,y
Passing to chart: 1 (x)
=============================Blow Up 3===========================
Last map: x,y,y*z
Strict transform: x^6*y^2+z^3
Exceptional Divisors: 
x,y
Center of blowup: z,x
Passing to chart: 2 (y)
=============================Blow Up 4===========================
Last map: x,y,x*z
Strict transform: x^3*y^2+z^3
Exceptional Divisors: 
1,y,x
Center of blowup: z,x
Passing to chart: 2 (y)
=============================Blow Up 5===========================
Last map: x,y,x*z
Strict transform: z^3+y^2
Exceptional Divisors: 
1,y,1,x
Center of blowup: x,y,z
Passing to chart: 1 (x)
=============================Blow Up 6===========================
Last map: x*z,x*y,x
Strict transform: y^2+x
Exceptional Divisors: 
1,y,1,z,x
Center of blowup: x,y,z
Passing to chart: 3 (z)
=============================Blow Up 7===========================
Last map: x,y,y*z
Strict transform: x^6*y+z^3
Exceptional Divisors: 
x,y
Center of blowup: z,x
