
///////////////////////////////////////Showing path 26/////////////////////////////////////////////////////
=============================Blow Up 1===========================
First polynomial: y^4*z^5+x^3
Exceptional Divisors: 

Center of blowup: x,y,z
Passing to chart: 2 (y)
=============================Blow Up 2===========================
Last map: x*z,x,x*y
Strict transform: x^6*y^5+z^3
Exceptional Divisors: 
x
Center of blowup: z,y
Passing to chart: 1 (x)
=============================Blow Up 3===========================
Last map: x,y,y*z
Strict transform: x^6*y^2+z^3
Exceptional Divisors: 
x,y
Center of blowup: z,x
Passing to chart: 2 (y)
=============================Blow Up 4===========================
Last map: x,y,x*z
Strict transform: x^3*y^2+z^3
Exceptional Divisors: 
1,y,x
Center of blowup: z,x
Passing to chart: 2 (y)
=============================Blow Up 5===========================
Last map: x,y,x*z
Strict transform: z^3+y^2
Exceptional Divisors: 
1,y,1,x
Center of blowup: x,y,z
Passing to chart: 2 (y)
=============================Blow Up 6===========================
Last map: x,x*z,x*y
Strict transform: x*y^3+z^2
Exceptional Divisors: 
1,z,1,1,x
Center of blowup: z,y
Passing to chart: 1 (x)
=============================Blow Up 7===========================
Last map: x,y,y*z
Strict transform: x*y+z^2
Exceptional Divisors: 
1,z,1,1,x,y
Center of blowup: x,y,z
=============================Blow Up 8===========================
Last map: x*z,x,x*y
Strict transform: y^2+z
Exceptional Divisors: 
1,y,1,1,z,1,x
Center of blowup: x,y,z
Passing to chart: 2 (y)
=============================Blow Up 9===========================
Last map: x*z,x,x*y
Strict transform: x+y
Exceptional Divisors: 
1,1,1,1,y,1,z,x
Center of blowup: x,y,z
Passing to chart: 3 (z)
=============================Blow Up 10===========================
Last map: x,y,y*z
Strict transform: x*y+z^2
Exceptional Divisors: 
1,z,1,1,x,y
Center of blowup: x,y,z
