Polynomial:y^8*z^8+x^2
                        
/////////////////////////// Final Chart 1 /////////////////////////
======================== History of this chart ======================
                  
Blow Up 1 :
     Center determined in L[2][1],
     Passing to chart  1  in resulting blow up.
                  
Blow Up 2 :
     Center determined in L[2][2],
     Passing to chart  1  in resulting blow up.
                  
Blow Up 3 :
     Center determined in L[2][4],
     Passing to chart  2  in resulting blow up.
                  
Blow Up 4 :
     Center determined in L[2][7],
     Passing to chart  2  in resulting blow up.
                  
Blow Up 5 :
     Center determined in L[2][11],
     Passing to chart  1  in resulting blow up.
                 
======================== Data of this chart ========================
                       
==== Ambient Space: 
_[1]=0
      
==== Ideal of Variety: 
_[1]=x(1)^14*y(1)^2+1
      
==== Exceptional Divisors: 
[1]:
   _[1]=x(1)
[2]:
   _[1]=1
[3]:
   _[1]=1
[4]:
   _[1]=y(1)
[5]:
   _[1]=x(3)
   
==== Images of variables of original ring:
_[1]=x(1)*x(3)^4*y(1)^3
_[2]=x(1)*x(3)*y(1)
_[3]=x(1)
   
pause>                        
/////////////////////////// Final Chart 2 /////////////////////////
======================== History of this chart ======================
                  
Blow Up 1 :
     Center determined in L[2][1],
     Passing to chart  2  in resulting blow up.
                  
Blow Up 2 :
     Center determined in L[2][3],
     Passing to chart  1  in resulting blow up.
                  
Blow Up 3 :
     Center determined in L[2][5],
     Passing to chart  2  in resulting blow up.
                  
Blow Up 4 :
     Center determined in L[2][9],
     Passing to chart  2  in resulting blow up.
                  
Blow Up 5 :
     Center determined in L[2][13],
     Passing to chart  1  in resulting blow up.
                 
======================== Data of this chart ========================
                       
==== Ambient Space: 
_[1]=0
      
==== Ideal of Variety: 
_[1]=x(1)^14*y(1)^2+1
      
==== Exceptional Divisors: 
[1]:
   _[1]=x(1)
[2]:
   _[1]=1
[3]:
   _[1]=1
[4]:
   _[1]=y(1)
[5]:
   _[1]=x(3)
   
==== Images of variables of original ring:
_[1]=x(1)*x(3)^4*y(1)^3
_[2]=x(1)
_[3]=x(1)*x(3)*y(1)
   
pause>                        
/////////////////////////// Final Chart 3 /////////////////////////
======================== History of this chart ======================
                  
Blow Up 1 :
     Center determined in L[2][1],
     Passing to chart  1  in resulting blow up.
                  
Blow Up 2 :
     Center determined in L[2][2],
     Passing to chart  1  in resulting blow up.
                  
Blow Up 3 :
     Center determined in L[2][4],
     Passing to chart  2  in resulting blow up.
                  
Blow Up 4 :
     Center determined in L[2][7],
     Passing to chart  2  in resulting blow up.
                  
Blow Up 5 :
     Center determined in L[2][11],
     Passing to chart  2  in resulting blow up.
                  
Blow Up 6 :
     Center determined in L[2][15],
     Passing to chart  1  in resulting blow up.
                 
======================== Data of this chart ========================
                       
==== Ambient Space: 
_[1]=0
      
==== Ideal of Variety: 
_[1]=x(3)^12*y(1)^14+1
      
==== Exceptional Divisors: 
[1]:
   _[1]=y(1)
[2]:
   _[1]=1
[3]:
   _[1]=1
[4]:
   _[1]=1
[5]:
   _[1]=x(2)
[6]:
   _[1]=x(3)
   
==== Images of variables of original ring:
_[1]=x(2)^4*x(3)^2*y(1)
_[2]=x(2)*x(3)*y(1)
_[3]=x(3)*y(1)
   
pause>                        
/////////////////////////// Final Chart 4 /////////////////////////
======================== History of this chart ======================
                  
Blow Up 1 :
     Center determined in L[2][1],
     Passing to chart  2  in resulting blow up.
                  
Blow Up 2 :
     Center determined in L[2][3],
     Passing to chart  1  in resulting blow up.
                  
Blow Up 3 :
     Center determined in L[2][5],
     Passing to chart  2  in resulting blow up.
                  
Blow Up 4 :
     Center determined in L[2][9],
     Passing to chart  2  in resulting blow up.
                  
Blow Up 5 :
     Center determined in L[2][13],
     Passing to chart  2  in resulting blow up.
                  
Blow Up 6 :
     Center determined in L[2][17],
     Passing to chart  1  in resulting blow up.
                 
======================== Data of this chart ========================
                       
==== Ambient Space: 
_[1]=0
      
==== Ideal of Variety: 
_[1]=x(3)^12*y(1)^14+1
      
==== Exceptional Divisors: 
[1]:
   _[1]=y(1)
[2]:
   _[1]=1
[3]:
   _[1]=1
[4]:
   _[1]=1
[5]:
   _[1]=x(2)
[6]:
   _[1]=x(3)
   
==== Images of variables of original ring:
_[1]=x(2)^4*x(3)^2*y(1)
_[2]=x(3)*y(1)
_[3]=x(2)*x(3)*y(1)
   
pause>                        
/////////////////////////// Final Chart 5 /////////////////////////
======================== History of this chart ======================
                  
Blow Up 1 :
     Center determined in L[2][1],
     Passing to chart  1  in resulting blow up.
                  
Blow Up 2 :
     Center determined in L[2][2],
     Passing to chart  1  in resulting blow up.
                  
Blow Up 3 :
     Center determined in L[2][4],
     Passing to chart  2  in resulting blow up.
                  
Blow Up 4 :
     Center determined in L[2][7],
     Passing to chart  2  in resulting blow up.
                  
Blow Up 5 :
     Center determined in L[2][11],
     Passing to chart  2  in resulting blow up.
                  
Blow Up 6 :
     Center determined in L[2][15],
     Passing to chart  2  in resulting blow up.
                  
Blow Up 7 :
     Center determined in L[2][19],
     Passing to chart  1  in resulting blow up.
                 
======================== Data of this chart ========================
                       
==== Ambient Space: 
_[1]=0
      
==== Ideal of Variety: 
_[1]=x(3)^10*y(1)^12+1
      
==== Exceptional Divisors: 
[1]:
   _[1]=1
[2]:
   _[1]=1
[3]:
   _[1]=1
[4]:
   _[1]=1
[5]:
   _[1]=x(2)
[6]:
   _[1]=y(1)
[7]:
   _[1]=x(3)
   
==== Images of variables of original ring:
_[1]=x(2)^4*x(3)^3*y(1)^2
_[2]=x(2)*x(3)*y(1)
_[3]=x(3)*y(1)
   
pause>                        
/////////////////////////// Final Chart 6 /////////////////////////
======================== History of this chart ======================
                  
Blow Up 1 :
     Center determined in L[2][1],
     Passing to chart  2  in resulting blow up.
                  
Blow Up 2 :
     Center determined in L[2][3],
     Passing to chart  1  in resulting blow up.
                  
Blow Up 3 :
     Center determined in L[2][5],
     Passing to chart  2  in resulting blow up.
                  
Blow Up 4 :
     Center determined in L[2][9],
     Passing to chart  2  in resulting blow up.
                  
Blow Up 5 :
     Center determined in L[2][13],
     Passing to chart  2  in resulting blow up.
                  
Blow Up 6 :
     Center determined in L[2][17],
     Passing to chart  2  in resulting blow up.
                  
Blow Up 7 :
     Center determined in L[2][21],
     Passing to chart  1  in resulting blow up.
                 
======================== Data of this chart ========================
                       
==== Ambient Space: 
_[1]=0
      
==== Ideal of Variety: 
_[1]=x(3)^10*y(1)^12+1
      
==== Exceptional Divisors: 
[1]:
   _[1]=1
[2]:
   _[1]=1
[3]:
   _[1]=1
[4]:
   _[1]=1
[5]:
   _[1]=x(2)
[6]:
   _[1]=y(1)
[7]:
   _[1]=x(3)
   
==== Images of variables of original ring:
_[1]=x(2)^4*x(3)^3*y(1)^2
_[2]=x(3)*y(1)
_[3]=x(2)*x(3)*y(1)
   
pause>                        
/////////////////////////// Final Chart 7 /////////////////////////
======================== History of this chart ======================
                  
Blow Up 1 :
     Center determined in L[2][1],
     Passing to chart  1  in resulting blow up.
                  
Blow Up 2 :
     Center determined in L[2][2],
     Passing to chart  1  in resulting blow up.
                  
Blow Up 3 :
     Center determined in L[2][4],
     Passing to chart  2  in resulting blow up.
                  
Blow Up 4 :
     Center determined in L[2][7],
     Passing to chart  2  in resulting blow up.
                  
Blow Up 5 :
     Center determined in L[2][11],
     Passing to chart  2  in resulting blow up.
                  
Blow Up 6 :
     Center determined in L[2][15],
     Passing to chart  2  in resulting blow up.
                  
Blow Up 7 :
     Center determined in L[2][19],
     Passing to chart  2  in resulting blow up.
                  
Blow Up 8 :
     Center determined in L[2][23],
     Passing to chart  1  in resulting blow up.
                 
======================== Data of this chart ========================
                       
==== Ambient Space: 
_[1]=0
      
==== Ideal of Variety: 
_[1]=x(3)^8*y(1)^10+1
      
==== Exceptional Divisors: 
[1]:
   _[1]=1
[2]:
   _[1]=1
[3]:
   _[1]=1
[4]:
   _[1]=1
[5]:
   _[1]=x(2)
[6]:
   _[1]=1
[7]:
   _[1]=y(1)
[8]:
   _[1]=x(3)
   
==== Images of variables of original ring:
_[1]=x(2)^4*x(3)^4*y(1)^3
_[2]=x(2)*x(3)*y(1)
_[3]=x(3)*y(1)
   
pause>                        
/////////////////////////// Final Chart 8 /////////////////////////
======================== History of this chart ======================
                  
Blow Up 1 :
     Center determined in L[2][1],
     Passing to chart  2  in resulting blow up.
                  
Blow Up 2 :
     Center determined in L[2][3],
     Passing to chart  1  in resulting blow up.
                  
Blow Up 3 :
     Center determined in L[2][5],
     Passing to chart  2  in resulting blow up.
                  
Blow Up 4 :
     Center determined in L[2][9],
     Passing to chart  2  in resulting blow up.
                  
Blow Up 5 :
     Center determined in L[2][13],
     Passing to chart  2  in resulting blow up.
                  
Blow Up 6 :
     Center determined in L[2][17],
     Passing to chart  2  in resulting blow up.
                  
Blow Up 7 :
     Center determined in L[2][21],
     Passing to chart  2  in resulting blow up.
                  
Blow Up 8 :
     Center determined in L[2][25],
     Passing to chart  1  in resulting blow up.
                 
======================== Data of this chart ========================
                       
==== Ambient Space: 
_[1]=0
      
==== Ideal of Variety: 
_[1]=x(3)^8*y(1)^10+1
      
==== Exceptional Divisors: 
[1]:
   _[1]=1
[2]:
   _[1]=1
[3]:
   _[1]=1
[4]:
   _[1]=1
[5]:
   _[1]=x(2)
[6]:
   _[1]=1
[7]:
   _[1]=y(1)
[8]:
   _[1]=x(3)
   
==== Images of variables of original ring:
_[1]=x(2)^4*x(3)^4*y(1)^3
_[2]=x(3)*y(1)
_[3]=x(2)*x(3)*y(1)
   
pause>                        
/////////////////////////// Final Chart 9 /////////////////////////
======================== History of this chart ======================
                  
Blow Up 1 :
     Center determined in L[2][1],
     Passing to chart  1  in resulting blow up.
                  
Blow Up 2 :
     Center determined in L[2][2],
     Passing to chart  1  in resulting blow up.
                  
Blow Up 3 :
     Center determined in L[2][4],
     Passing to chart  2  in resulting blow up.
                  
Blow Up 4 :
     Center determined in L[2][7],
     Passing to chart  2  in resulting blow up.
                  
Blow Up 5 :
     Center determined in L[2][11],
     Passing to chart  2  in resulting blow up.
                  
Blow Up 6 :
     Center determined in L[2][15],
     Passing to chart  2  in resulting blow up.
                  
Blow Up 7 :
     Center determined in L[2][19],
     Passing to chart  2  in resulting blow up.
                  
Blow Up 8 :
     Center determined in L[2][23],
     Passing to chart  2  in resulting blow up.
                  
Blow Up 9 :
     Center determined in L[2][27],
     Passing to chart  1  in resulting blow up.
                 
======================== Data of this chart ========================
                       
==== Ambient Space: 
_[1]=0
      
==== Ideal of Variety: 
_[1]=x(3)^6*y(1)^8+1
      
==== Exceptional Divisors: 
[1]:
   _[1]=1
[2]:
   _[1]=1
[3]:
   _[1]=1
[4]:
   _[1]=1
[5]:
   _[1]=x(2)
[6]:
   _[1]=1
[7]:
   _[1]=1
[8]:
   _[1]=y(1)
[9]:
   _[1]=x(3)
   
==== Images of variables of original ring:
_[1]=x(2)^4*x(3)^5*y(1)^4
_[2]=x(2)*x(3)*y(1)
_[3]=x(3)*y(1)
   
pause>                        
/////////////////////////// Final Chart 10 /////////////////////////
======================== History of this chart ======================
                  
Blow Up 1 :
     Center determined in L[2][1],
     Passing to chart  2  in resulting blow up.
                  
Blow Up 2 :
     Center determined in L[2][3],
     Passing to chart  1  in resulting blow up.
                  
Blow Up 3 :
     Center determined in L[2][5],
     Passing to chart  2  in resulting blow up.
                  
Blow Up 4 :
     Center determined in L[2][9],
     Passing to chart  2  in resulting blow up.
                  
Blow Up 5 :
     Center determined in L[2][13],
     Passing to chart  2  in resulting blow up.
                  
Blow Up 6 :
     Center determined in L[2][17],
     Passing to chart  2  in resulting blow up.
                  
Blow Up 7 :
     Center determined in L[2][21],
     Passing to chart  2  in resulting blow up.
                  
Blow Up 8 :
     Center determined in L[2][25],
     Passing to chart  2  in resulting blow up.
                  
Blow Up 9 :
     Center determined in L[2][29],
     Passing to chart  1  in resulting blow up.
                 
======================== Data of this chart ========================
                       
==== Ambient Space: 
_[1]=0
      
==== Ideal of Variety: 
_[1]=x(3)^6*y(1)^8+1
      
==== Exceptional Divisors: 
[1]:
   _[1]=1
[2]:
   _[1]=1
[3]:
   _[1]=1
[4]:
   _[1]=1
[5]:
   _[1]=x(2)
[6]:
   _[1]=1
[7]:
   _[1]=1
[8]:
   _[1]=y(1)
[9]:
   _[1]=x(3)
   
==== Images of variables of original ring:
_[1]=x(2)^4*x(3)^5*y(1)^4
_[2]=x(3)*y(1)
_[3]=x(2)*x(3)*y(1)
   
pause>                        
/////////////////////////// Final Chart 11 /////////////////////////
======================== History of this chart ======================
                  
Blow Up 1 :
     Center determined in L[2][1],
     Passing to chart  1  in resulting blow up.
                  
Blow Up 2 :
     Center determined in L[2][2],
     Passing to chart  1  in resulting blow up.
                  
Blow Up 3 :
     Center determined in L[2][4],
     Passing to chart  2  in resulting blow up.
                  
Blow Up 4 :
     Center determined in L[2][7],
     Passing to chart  2  in resulting blow up.
                  
Blow Up 5 :
     Center determined in L[2][11],
     Passing to chart  2  in resulting blow up.
                  
Blow Up 6 :
     Center determined in L[2][15],
     Passing to chart  2  in resulting blow up.
                  
Blow Up 7 :
     Center determined in L[2][19],
     Passing to chart  2  in resulting blow up.
                  
Blow Up 8 :
     Center determined in L[2][23],
     Passing to chart  2  in resulting blow up.
                  
Blow Up 9 :
     Center determined in L[2][27],
     Passing to chart  2  in resulting blow up.
                  
Blow Up 10 :
     Center determined in L[2][31],
     Passing to chart  1  in resulting blow up.
                 
======================== Data of this chart ========================
                       
==== Ambient Space: 
_[1]=0
      
==== Ideal of Variety: 
_[1]=x(3)^4*y(1)^6+1
      
==== Exceptional Divisors: 
[1]:
   _[1]=1
[2]:
   _[1]=1
[3]:
   _[1]=1
[4]:
   _[1]=1
[5]:
   _[1]=x(2)
[6]:
   _[1]=1
[7]:
   _[1]=1
[8]:
   _[1]=1
[9]:
   _[1]=y(1)
[10]:
   _[1]=x(3)
   
==== Images of variables of original ring:
_[1]=x(2)^4*x(3)^6*y(1)^5
_[2]=x(2)*x(3)*y(1)
_[3]=x(3)*y(1)
   
pause>                        
/////////////////////////// Final Chart 12 /////////////////////////
======================== History of this chart ======================
                  
Blow Up 1 :
     Center determined in L[2][1],
     Passing to chart  2  in resulting blow up.
                  
Blow Up 2 :
     Center determined in L[2][3],
     Passing to chart  1  in resulting blow up.
                  
Blow Up 3 :
     Center determined in L[2][5],
     Passing to chart  2  in resulting blow up.
                  
Blow Up 4 :
     Center determined in L[2][9],
     Passing to chart  2  in resulting blow up.
                  
Blow Up 5 :
     Center determined in L[2][13],
     Passing to chart  2  in resulting blow up.
                  
Blow Up 6 :
     Center determined in L[2][17],
     Passing to chart  2  in resulting blow up.
                  
Blow Up 7 :
     Center determined in L[2][21],
     Passing to chart  2  in resulting blow up.
                  
Blow Up 8 :
     Center determined in L[2][25],
     Passing to chart  2  in resulting blow up.
                  
Blow Up 9 :
     Center determined in L[2][29],
     Passing to chart  2  in resulting blow up.
                  
Blow Up 10 :
     Center determined in L[2][33],
     Passing to chart  1  in resulting blow up.
                 
======================== Data of this chart ========================
                       
==== Ambient Space: 
_[1]=0
      
==== Ideal of Variety: 
_[1]=x(3)^4*y(1)^6+1
      
==== Exceptional Divisors: 
[1]:
   _[1]=1
[2]:
   _[1]=1
[3]:
   _[1]=1
[4]:
   _[1]=1
[5]:
   _[1]=x(2)
[6]:
   _[1]=1
[7]:
   _[1]=1
[8]:
   _[1]=1
[9]:
   _[1]=y(1)
[10]:
   _[1]=x(3)
   
==== Images of variables of original ring:
_[1]=x(2)^4*x(3)^6*y(1)^5
_[2]=x(3)*y(1)
_[3]=x(2)*x(3)*y(1)
   
pause>                        
/////////////////////////// Final Chart 13 /////////////////////////
======================== History of this chart ======================
                  
Blow Up 1 :
     Center determined in L[2][1],
     Passing to chart  1  in resulting blow up.
                  
Blow Up 2 :
     Center determined in L[2][2],
     Passing to chart  1  in resulting blow up.
                  
Blow Up 3 :
     Center determined in L[2][4],
     Passing to chart  2  in resulting blow up.
                  
Blow Up 4 :
     Center determined in L[2][7],
     Passing to chart  2  in resulting blow up.
                  
Blow Up 5 :
     Center determined in L[2][11],
     Passing to chart  2  in resulting blow up.
                  
Blow Up 6 :
     Center determined in L[2][15],
     Passing to chart  2  in resulting blow up.
                  
Blow Up 7 :
     Center determined in L[2][19],
     Passing to chart  2  in resulting blow up.
                  
Blow Up 8 :
     Center determined in L[2][23],
     Passing to chart  2  in resulting blow up.
                  
Blow Up 9 :
     Center determined in L[2][27],
     Passing to chart  2  in resulting blow up.
                  
Blow Up 10 :
     Center determined in L[2][31],
     Passing to chart  2  in resulting blow up.
                  
Blow Up 11 :
     Center determined in L[2][35],
     Passing to chart  1  in resulting blow up.
                 
======================== Data of this chart ========================
                       
==== Ambient Space: 
_[1]=0
      
==== Ideal of Variety: 
_[1]=x(3)^2*y(1)^4+1
      
==== Exceptional Divisors: 
[1]:
   _[1]=1
[2]:
   _[1]=1
[3]:
   _[1]=1
[4]:
   _[1]=1
[5]:
   _[1]=x(2)
[6]:
   _[1]=1
[7]:
   _[1]=1
[8]:
   _[1]=1
[9]:
   _[1]=1
[10]:
   _[1]=y(1)
[11]:
   _[1]=x(3)
   
==== Images of variables of original ring:
_[1]=x(2)^4*x(3)^7*y(1)^6
_[2]=x(2)*x(3)*y(1)
_[3]=x(3)*y(1)
   
pause>                        
/////////////////////////// Final Chart 14 /////////////////////////
======================== History of this chart ======================
                  
Blow Up 1 :
     Center determined in L[2][1],
     Passing to chart  2  in resulting blow up.
                  
Blow Up 2 :
     Center determined in L[2][3],
     Passing to chart  1  in resulting blow up.
                  
Blow Up 3 :
     Center determined in L[2][5],
     Passing to chart  2  in resulting blow up.
                  
Blow Up 4 :
     Center determined in L[2][9],
     Passing to chart  2  in resulting blow up.
                  
Blow Up 5 :
     Center determined in L[2][13],
     Passing to chart  2  in resulting blow up.
                  
Blow Up 6 :
     Center determined in L[2][17],
     Passing to chart  2  in resulting blow up.
                  
Blow Up 7 :
     Center determined in L[2][21],
     Passing to chart  2  in resulting blow up.
                  
Blow Up 8 :
     Center determined in L[2][25],
     Passing to chart  2  in resulting blow up.
                  
Blow Up 9 :
     Center determined in L[2][29],
     Passing to chart  2  in resulting blow up.
                  
Blow Up 10 :
     Center determined in L[2][33],
     Passing to chart  2  in resulting blow up.
                  
Blow Up 11 :
     Center determined in L[2][37],
     Passing to chart  1  in resulting blow up.
                 
======================== Data of this chart ========================
                       
==== Ambient Space: 
_[1]=0
      
==== Ideal of Variety: 
_[1]=x(3)^2*y(1)^4+1
      
==== Exceptional Divisors: 
[1]:
   _[1]=1
[2]:
   _[1]=1
[3]:
   _[1]=1
[4]:
   _[1]=1
[5]:
   _[1]=x(2)
[6]:
   _[1]=1
[7]:
   _[1]=1
[8]:
   _[1]=1
[9]:
   _[1]=1
[10]:
   _[1]=y(1)
[11]:
   _[1]=x(3)
   
==== Images of variables of original ring:
_[1]=x(2)^4*x(3)^7*y(1)^6
_[2]=x(3)*y(1)
_[3]=x(2)*x(3)*y(1)
   
pause>                        
/////////////////////////// Final Chart 15 /////////////////////////
======================== History of this chart ======================
                  
Blow Up 1 :
     Center determined in L[2][1],
     Passing to chart  1  in resulting blow up.
                  
Blow Up 2 :
     Center determined in L[2][2],
     Passing to chart  1  in resulting blow up.
                  
Blow Up 3 :
     Center determined in L[2][4],
     Passing to chart  2  in resulting blow up.
                  
Blow Up 4 :
     Center determined in L[2][7],
     Passing to chart  2  in resulting blow up.
                  
Blow Up 5 :
     Center determined in L[2][11],
     Passing to chart  2  in resulting blow up.
                  
Blow Up 6 :
     Center determined in L[2][15],
     Passing to chart  2  in resulting blow up.
                  
Blow Up 7 :
     Center determined in L[2][19],
     Passing to chart  2  in resulting blow up.
                  
Blow Up 8 :
     Center determined in L[2][23],
     Passing to chart  2  in resulting blow up.
                  
Blow Up 9 :
     Center determined in L[2][27],
     Passing to chart  2  in resulting blow up.
                  
Blow Up 10 :
     Center determined in L[2][31],
     Passing to chart  2  in resulting blow up.
                  
Blow Up 11 :
     Center determined in L[2][35],
     Passing to chart  2  in resulting blow up.
                  
Blow Up 12 :
     Center determined in L[2][39],
     Passing to chart  1  in resulting blow up.
                 
======================== Data of this chart ========================
                       
==== Ambient Space: 
_[1]=0
      
==== Ideal of Variety: 
_[1]=y(1)^2+1
      
==== Exceptional Divisors: 
[1]:
   _[1]=1
[2]:
   _[1]=1
[3]:
   _[1]=1
[4]:
   _[1]=1
[5]:
   _[1]=x(2)
[6]:
   _[1]=1
[7]:
   _[1]=1
[8]:
   _[1]=1
[9]:
   _[1]=1
[10]:
   _[1]=1
[11]:
   _[1]=y(1)
[12]:
   _[1]=x(3)
   
==== Images of variables of original ring:
_[1]=x(2)^4*x(3)^8*y(1)^7
_[2]=x(2)*x(3)*y(1)
_[3]=x(3)*y(1)
   
pause>                        
/////////////////////////// Final Chart 16 /////////////////////////
======================== History of this chart ======================
                  
Blow Up 1 :
     Center determined in L[2][1],
     Passing to chart  1  in resulting blow up.
                  
Blow Up 2 :
     Center determined in L[2][2],
     Passing to chart  1  in resulting blow up.
                  
Blow Up 3 :
     Center determined in L[2][4],
     Passing to chart  2  in resulting blow up.
                  
Blow Up 4 :
     Center determined in L[2][7],
     Passing to chart  2  in resulting blow up.
                  
Blow Up 5 :
     Center determined in L[2][11],
     Passing to chart  2  in resulting blow up.
                  
Blow Up 6 :
     Center determined in L[2][15],
     Passing to chart  2  in resulting blow up.
                  
Blow Up 7 :
     Center determined in L[2][19],
     Passing to chart  2  in resulting blow up.
                  
Blow Up 8 :
     Center determined in L[2][23],
     Passing to chart  2  in resulting blow up.
                  
Blow Up 9 :
     Center determined in L[2][27],
     Passing to chart  2  in resulting blow up.
                  
Blow Up 10 :
     Center determined in L[2][31],
     Passing to chart  2  in resulting blow up.
                  
Blow Up 11 :
     Center determined in L[2][35],
     Passing to chart  2  in resulting blow up.
                  
Blow Up 12 :
     Center determined in L[2][39],
     Passing to chart  2  in resulting blow up.
                 
======================== Data of this chart ========================
                       
==== Ambient Space: 
_[1]=0
      
==== Ideal of Variety: 
_[1]=y(0)^2+1
      
==== Exceptional Divisors: 
[1]:
   _[1]=1
[2]:
   _[1]=1
[3]:
   _[1]=1
[4]:
   _[1]=1
[5]:
   _[1]=x(2)
[6]:
   _[1]=1
[7]:
   _[1]=1
[8]:
   _[1]=1
[9]:
   _[1]=1
[10]:
   _[1]=1
[11]:
   _[1]=1
[12]:
   _[1]=x(1)
   
==== Images of variables of original ring:
_[1]=x(1)^8*x(2)^4*y(0)
_[2]=x(1)*x(2)
_[3]=x(1)
   
pause>                        
/////////////////////////// Final Chart 17 /////////////////////////
======================== History of this chart ======================
                  
Blow Up 1 :
     Center determined in L[2][1],
     Passing to chart  2  in resulting blow up.
                  
Blow Up 2 :
     Center determined in L[2][3],
     Passing to chart  1  in resulting blow up.
                  
Blow Up 3 :
     Center determined in L[2][5],
     Passing to chart  2  in resulting blow up.
                  
Blow Up 4 :
     Center determined in L[2][9],
     Passing to chart  2  in resulting blow up.
                  
Blow Up 5 :
     Center determined in L[2][13],
     Passing to chart  2  in resulting blow up.
                  
Blow Up 6 :
     Center determined in L[2][17],
     Passing to chart  2  in resulting blow up.
                  
Blow Up 7 :
     Center determined in L[2][21],
     Passing to chart  2  in resulting blow up.
                  
Blow Up 8 :
     Center determined in L[2][25],
     Passing to chart  2  in resulting blow up.
                  
Blow Up 9 :
     Center determined in L[2][29],
     Passing to chart  2  in resulting blow up.
                  
Blow Up 10 :
     Center determined in L[2][33],
     Passing to chart  2  in resulting blow up.
                  
Blow Up 11 :
     Center determined in L[2][37],
     Passing to chart  2  in resulting blow up.
                  
Blow Up 12 :
     Center determined in L[2][41],
     Passing to chart  1  in resulting blow up.
                 
======================== Data of this chart ========================
                       
==== Ambient Space: 
_[1]=0
      
==== Ideal of Variety: 
_[1]=y(1)^2+1
      
==== Exceptional Divisors: 
[1]:
   _[1]=1
[2]:
   _[1]=1
[3]:
   _[1]=1
[4]:
   _[1]=1
[5]:
   _[1]=x(2)
[6]:
   _[1]=1
[7]:
   _[1]=1
[8]:
   _[1]=1
[9]:
   _[1]=1
[10]:
   _[1]=1
[11]:
   _[1]=y(1)
[12]:
   _[1]=x(3)
   
==== Images of variables of original ring:
_[1]=x(2)^4*x(3)^8*y(1)^7
_[2]=x(3)*y(1)
_[3]=x(2)*x(3)*y(1)
   
pause>                        
/////////////////////////// Final Chart 18 /////////////////////////
======================== History of this chart ======================
                  
Blow Up 1 :
     Center determined in L[2][1],
     Passing to chart  2  in resulting blow up.
                  
Blow Up 2 :
     Center determined in L[2][3],
     Passing to chart  1  in resulting blow up.
                  
Blow Up 3 :
     Center determined in L[2][5],
     Passing to chart  2  in resulting blow up.
                  
Blow Up 4 :
     Center determined in L[2][9],
     Passing to chart  2  in resulting blow up.
                  
Blow Up 5 :
     Center determined in L[2][13],
     Passing to chart  2  in resulting blow up.
                  
Blow Up 6 :
     Center determined in L[2][17],
     Passing to chart  2  in resulting blow up.
                  
Blow Up 7 :
     Center determined in L[2][21],
     Passing to chart  2  in resulting blow up.
                  
Blow Up 8 :
     Center determined in L[2][25],
     Passing to chart  2  in resulting blow up.
                  
Blow Up 9 :
     Center determined in L[2][29],
     Passing to chart  2  in resulting blow up.
                  
Blow Up 10 :
     Center determined in L[2][33],
     Passing to chart  2  in resulting blow up.
                  
Blow Up 11 :
     Center determined in L[2][37],
     Passing to chart  2  in resulting blow up.
                  
Blow Up 12 :
     Center determined in L[2][41],
     Passing to chart  2  in resulting blow up.
                 
======================== Data of this chart ========================
                       
==== Ambient Space: 
_[1]=0
      
==== Ideal of Variety: 
_[1]=y(0)^2+1
      
==== Exceptional Divisors: 
[1]:
   _[1]=1
[2]:
   _[1]=1
[3]:
   _[1]=1
[4]:
   _[1]=1
[5]:
   _[1]=x(2)
[6]:
   _[1]=1
[7]:
   _[1]=1
[8]:
   _[1]=1
[9]:
   _[1]=1
[10]:
   _[1]=1
[11]:
   _[1]=1
[12]:
   _[1]=x(1)
   
==== Images of variables of original ring:
_[1]=x(1)^8*x(2)^4*y(0)
_[2]=x(1)
_[3]=x(1)*x(2)
   
pause>////////////////////////////////////////////////////////////////////
For identification of exceptional divisors please use the tools
provided by reszeta.lib, e.g. collectDiv.
For viewing an illustration of the tree of charts please use the
procedure ResTree from resgraph.lib.
////////////////////////////////////////////////////////////////////
Time taken to resolve :2
