
///////////////////////////////////////Showing path 7/////////////////////////////////////////////////////
=============================Blow Up 1===========================
First polynomial: y^8*z^8+x^2
Exceptional Divisors: 

Center of blowup: x,y,z
Passing to chart: 1 (x)
=============================Blow Up 2===========================
Last map: x*z,x*y,x
Strict transform: x^14*y^8+z^2
Exceptional Divisors: 
x
Center of blowup: z,y
Passing to chart: 1 (x)
=============================Blow Up 3===========================
Last map: x,y,y*z
Strict transform: x^14*y^6+z^2
Exceptional Divisors: 
x,y
Center of blowup: z,y
Passing to chart: 2 (y)
=============================Blow Up 4===========================
Last map: x,y,y*z
Strict transform: x^14*y^4+z^2
Exceptional Divisors: 
x,1,y
Center of blowup: z,y
=============================Blow Up 5===========================
Last map: x,y,y*z
Strict transform: x^14*y^2+z^2
Exceptional Divisors: 
x,1,1,y
Center of blowup: z,y
Passing to chart: 2 (y)
=============================Blow Up 6===========================
Last map: x,y,y*z
Strict transform: x^14+z^2
Exceptional Divisors: 
x,1,1,1,y
Center of blowup: z,x
Passing to chart: 2 (y)
=============================Blow Up 7===========================
Last map: x,y,x*z
Strict transform: x^12+z^2
Exceptional Divisors: 
1,1,1,1,y,x
Center of blowup: z,x
Passing to chart: 2 (y)
=============================Blow Up 8===========================
Last map: x,y,x*z
Strict transform: x^10+z^2
Exceptional Divisors: 
1,1,1,1,y,1,x
Center of blowup: z,x
Passing to chart: 1 (x)
=============================Blow Up 9===========================
Last map: x,y,y*z
Strict transform: x^14*y^4+z^2
Exceptional Divisors: 
x,1,y
Center of blowup: z,y
