
///////////////////////////////////////Showing path 9/////////////////////////////////////////////////////
=============================Blow Up 1===========================
First polynomial: y^5*z^5+x^8
Exceptional Divisors: 

Center of blowup: z,y,x
Passing to chart: 2 (y)
=============================Blow Up 2===========================
Last map: x*z,x,x*y
Strict transform: z^8+x^2*y^5
Exceptional Divisors: 
x
Center of blowup: x,y,z
Passing to chart: 1 (x)
=============================Blow Up 3===========================
Last map: x*z,x*y,x
Strict transform: y^5*z^2+x
Exceptional Divisors: 
z,x
Center of blowup: z,x
Passing to chart: 1 (x)
=============================Blow Up 4===========================
Last map: y*z,x,y
Strict transform: x^5*y+z
Exceptional Divisors: 
1,z,y
Center of blowup: z,y
Passing to chart: 2 (y)
=============================Blow Up 5===========================
Last map: x,y,y*z
Strict transform: x^5+z
Exceptional Divisors: 
1,z,1,y
Center of blowup: z,x
Passing to chart: 1 (x)
=============================Blow Up 6===========================
Last map: x,y,x*z
Strict transform: x^4+z
Exceptional Divisors: 
1,z,1,y,x
Center of blowup: z,x
Passing to chart: 1 (x)
=============================Blow Up 7===========================
Last map: x,x*z,x*y
Strict transform: x*y^8+z^5
Exceptional Divisors: 
1,x
Center of blowup: x,y,z
