
///////////////////////////////////////Showing path 8/////////////////////////////////////////////////////
=============================Blow Up 1===========================
First polynomial: y^5*z^5+x^8
Exceptional Divisors: 

Center of blowup: z,y,x
Passing to chart: 1 (x)
=============================Blow Up 2===========================
Last map: x*z,x*y,x
Strict transform: z^8+x^2*y^5
Exceptional Divisors: 
x
Center of blowup: x,y,z
Passing to chart: 3 (z)
=============================Blow Up 3===========================
Last map: x,x*z,x*y
Strict transform: x*y^8+z^5
Exceptional Divisors: 
1,x
Center of blowup: x,y,z
Passing to chart: 2 (y)
=============================Blow Up 4===========================
Last map: x,x*z,x*y
Strict transform: x^4*z^8+y^5
Exceptional Divisors: 
1,1,x
Center of blowup: z,y
Passing to chart: 1 (x)
=============================Blow Up 5===========================
Last map: x,y*z,y
Strict transform: x^4*y^3+z^5
Exceptional Divisors: 
1,1,x,y
Center of blowup: x,y,z
Passing to chart: 3 (z)
=============================Blow Up 6===========================
Last map: x,x*z,x*y
Strict transform: y^5+x^2*z^3
Exceptional Divisors: 
1,1,1,z,x
Center of blowup: x,y,z
Passing to chart: 2 (y)
=============================Blow Up 7===========================
Last map: x*z,x,x*y
Strict transform: x*y^8+z^2
Exceptional Divisors: 
z,x
Center of blowup: x,y,z
