
///////////////////////////////////////Showing path 528/////////////////////////////////////////////////////
=============================Blow Up 1===========================
First polynomial: y^5*z^5+x^8
Exceptional Divisors: 

Center of blowup: z,y,x
Passing to chart: 2 (y)
=============================Blow Up 2===========================
Last map: x*z,x,x*y
Strict transform: z^8+x^2*y^5
Exceptional Divisors: 
x
Center of blowup: x,y,z
Passing to chart: 2 (y)
=============================Blow Up 3===========================
Last map: x*z,x,x*y
Strict transform: x*y^8+z^2
Exceptional Divisors: 
z,x
Center of blowup: x,y,z
Passing to chart: 1 (x)
=============================Blow Up 4===========================
Last map: x*z,x,x*y
Strict transform: x^7*z+y^2
Exceptional Divisors: 
y,z,x
Center of blowup: x,y,z
Passing to chart: 3 (z)
=============================Blow Up 5===========================
Last map: x,x*z,x*y
Strict transform: x^6*y+z^2
Exceptional Divisors: 
z,y,1,x
Center of blowup: x,y,z
Passing to chart: 3 (z)
=============================Blow Up 6===========================
Last map: x,x*z,x*y
Strict transform: x^5*z+y^2
Exceptional Divisors: 
y,z,1,1,x
Center of blowup: x,y,z
Passing to chart: 3 (z)
=============================Blow Up 7===========================
Last map: x,x*z,x*y
Strict transform: x^4*y+z^2
Exceptional Divisors: 
z,y,1,1,1,x
Center of blowup: x,y,z
Passing to chart: 3 (z)
=============================Blow Up 8===========================
Last map: x,x*z,x*y
Strict transform: x^3*z+y^2
Exceptional Divisors: 
y,z,1,1,1,1,x
Center of blowup: x,y,z
Passing to chart: 1 (x)
=============================Blow Up 9===========================
Last map: x*z,x*y,x
Strict transform: x^2*z^3+y^2
Exceptional Divisors: 
y,1,1,1,1,1,z,x
Center of blowup: y,x
Passing to chart: 2 (y)
=============================Blow Up 10===========================
Last map: x,x*z,y
Strict transform: y^3+z^2
Exceptional Divisors: 
z,1,1,1,1,1,y,1,x
Center of blowup: z,y
Passing to chart: 2 (y)
=============================Blow Up 11===========================
Last map: x,y,y*z
Strict transform: z^2+y
Exceptional Divisors: 
z,1,1,1,1,1,1,1,x,y
Center of blowup: x,y,z
Passing to chart: 1 (x)
=============================Blow Up 12===========================
Last map: x*z,x*y,x
Strict transform: x+y
Exceptional Divisors: 
1,1,1,1,1,1,1,1,z,y,x
Center of blowup: x,y,z
Passing to chart: 1 (x)
=============================Blow Up 13===========================
Last map: x*z,x*y,x
Strict transform: y+z
Exceptional Divisors: 
1,1,1,1,1,1,1,1,1,y,z,x
Center of blowup: z,y
Passing to chart: 2 (y)
=============================Blow Up 14===========================
Last map: x,y,y*z
Strict transform: y^3+z
Exceptional Divisors: 
1,z,1,1,1,1,1,1,x,y
Center of blowup: z,y
