
///////////////////////////////////////Showing path 457/////////////////////////////////////////////////////
=============================Blow Up 1===========================
First polynomial: y^5*z^5+x^8
Exceptional Divisors: 

Center of blowup: z,y,x
Passing to chart: 1 (x)
=============================Blow Up 2===========================
Last map: x*z,x*y,x
Strict transform: z^8+x^2*y^5
Exceptional Divisors: 
x
Center of blowup: x,y,z
Passing to chart: 3 (z)
=============================Blow Up 3===========================
Last map: x,x*z,x*y
Strict transform: x*y^8+z^5
Exceptional Divisors: 
1,x
Center of blowup: x,y,z
Passing to chart: 1 (x)
=============================Blow Up 4===========================
Last map: x*z,x,x*y
Strict transform: y^5+x^4*z
Exceptional Divisors: 
1,z,x
Center of blowup: x,y,z
Passing to chart: 1 (x)
=============================Blow Up 5===========================
Last map: x*z,x*y,x
Strict transform: y^5+z^4
Exceptional Divisors: 
1,1,z,x
Center of blowup: x,y,z
Passing to chart: 2 (y)
=============================Blow Up 6===========================
Last map: x,x*z,x*y
Strict transform: x*z^5+y^4
Exceptional Divisors: 
1,1,y,1,x
Center of blowup: z,y
Passing to chart: 1 (x)
=============================Blow Up 7===========================
Last map: x,y*z,y
Strict transform: z^4+x*y
Exceptional Divisors: 
1,1,z,1,x,y
Center of blowup: x,y,z
Passing to chart: 3 (z)
=============================Blow Up 8===========================
Last map: x,x*z,x*y
Strict transform: x^2*y^4+z
Exceptional Divisors: 
1,1,y,1,1,z,x
Center of blowup: x,y,z
Passing to chart: 3 (z)
=============================Blow Up 9===========================
Last map: x,x*z,x*y
Strict transform: x^5*z^4+y
Exceptional Divisors: 
1,1,z,1,1,y,1,x
Center of blowup: z,y
Passing to chart: 1 (x)
=============================Blow Up 10===========================
Last map: x,y*z,y
Strict transform: x^5*y^3+z
Exceptional Divisors: 
1,1,1,1,1,z,1,x,y
Center of blowup: z,y
Passing to chart: 2 (y)
=============================Blow Up 11===========================
Last map: x,y,y*z
Strict transform: x^5*y^2+z
Exceptional Divisors: 
1,1,1,1,1,z,1,x,1,y
Center of blowup: z,y
Passing to chart: 2 (y)
=============================Blow Up 12===========================
Last map: x,y,y*z
Strict transform: x^5*y+z
Exceptional Divisors: 
1,1,1,1,1,z,1,x,1,1,y
Center of blowup: z,y
Passing to chart: 2 (y)
=============================Blow Up 13===========================
Last map: x,y,y*z
Strict transform: x^5+z
Exceptional Divisors: 
1,1,1,1,1,z,1,x,1,1,1,y
Center of blowup: z,x
Passing to chart: 1 (x)
=============================Blow Up 14===========================
Last map: x*z,x,x*y
Strict transform: y^2+z
Exceptional Divisors: 
1,1,1,1,1,1,y,z,x
Center of blowup: x,y,z
